<?xml version="1.0" ?>
<!DOCTYPE coverage SYSTEM "http://cobertura.sourceforge.net/xml/coverage-04.dtd">
<coverage lines-valid="261" lines-covered="168" line-rate="0.6436" branches-valid="148" branches-covered="78" branch-rate="0.527" timestamp="1651692656403" complexity="0" version="0.1">
  <sources>
    <source>C:\GitHub\mrlonis\demo-genshin-impact-angular</source>
  </sources>
  <packages>
    <package name="app" line-rate="1" branch-rate="1">
      <classes>
        <class name="app.component.ts" filename="projects\demo-genshin-impact-angular\src\app\app.component.ts" line-rate="1" branch-rate="1">
          <methods>
          </methods>
          <lines>
            <line number="8" hits="1" branch="false"/>
            <line number="9" hits="2" branch="false"/>
          </lines>
        </class>
      </classes>
    </package>
    <package name="app.core" line-rate="1" branch-rate="1">
      <classes>
        <class name="app-config.ts" filename="projects\demo-genshin-impact-angular\src\app\core\app-config.ts" line-rate="1" branch-rate="1">
          <methods>
          </methods>
          <lines>
            <line number="5" hits="1" branch="false"/>
          </lines>
        </class>
        <class name="core.module.ts" filename="projects\demo-genshin-impact-angular\src\app\core\core.module.ts" line-rate="1" branch-rate="1">
          <methods>
          </methods>
          <lines>
            <line number="11" hits="1" branch="false"/>
          </lines>
        </class>
      </classes>
    </package>
    <package name="app.core.home" line-rate="1" branch-rate="1">
      <classes>
        <class name="home.component.ts" filename="projects\demo-genshin-impact-angular\src\app\core\home\home.component.ts" line-rate="1" branch-rate="1">
          <methods>
          </methods>
          <lines>
            <line number="8" hits="1" branch="false"/>
          </lines>
        </class>
        <class name="home.module.ts" filename="projects\demo-genshin-impact-angular\src\app\core\home\home.module.ts" line-rate="1" branch-rate="1">
          <methods>
          </methods>
          <lines>
            <line number="11" hits="1" branch="false"/>
          </lines>
        </class>
      </classes>
    </package>
    <package name="app.features.characters" line-rate="0.875" branch-rate="1">
      <classes>
        <class name="characters.component.ts" filename="projects\demo-genshin-impact-angular\src\app\features\characters\characters.component.ts" line-rate="0.8571" branch-rate="1">
          <methods>
            <method name="(anonymous_0)" hits="1" signature="()V">
              <lines>
                <line number="14" hits="1"/>
              </lines>
            </method>
            <method name="(anonymous_1)" hits="1" signature="()V">
              <lines>
                <line number="18" hits="1"/>
              </lines>
            </method>
            <method name="(anonymous_2)" hits="0" signature="()V">
              <lines>
                <line number="21" hits="0"/>
              </lines>
            </method>
          </methods>
          <lines>
            <line number="11" hits="1" branch="false"/>
            <line number="14" hits="1" branch="false"/>
            <line number="15" hits="1" branch="false"/>
            <line number="19" hits="1" branch="false"/>
            <line number="20" hits="1" branch="false"/>
            <line number="21" hits="1" branch="false"/>
            <line number="22" hits="0" branch="false"/>
          </lines>
        </class>
        <class name="characters.module.ts" filename="projects\demo-genshin-impact-angular\src\app\features\characters\characters.module.ts" line-rate="1" branch-rate="1">
          <methods>
          </methods>
          <lines>
            <line number="27" hits="1" branch="false"/>
          </lines>
        </class>
      </classes>
    </package>
    <package name="app.features.characters.character-detail" line-rate="0.44" branch-rate="0">
      <classes>
        <class name="character-detail.component.ts" filename="projects\demo-genshin-impact-angular\src\app\features\characters\character-detail\character-detail.component.ts" line-rate="0.625" branch-rate="0">
          <methods>
            <method name="(anonymous_0)" hits="1" signature="()V">
              <lines>
                <line number="14" hits="1"/>
              </lines>
            </method>
            <method name="(anonymous_1)" hits="1" signature="()V">
              <lines>
                <line number="22" hits="1"/>
              </lines>
            </method>
            <method name="(anonymous_2)" hits="1" signature="()V">
              <lines>
                <line number="24" hits="1"/>
              </lines>
            </method>
            <method name="(anonymous_3)" hits="0" signature="()V">
              <lines>
                <line number="29" hits="0"/>
              </lines>
            </method>
          </methods>
          <lines>
            <line number="11" hits="1" branch="false"/>
            <line number="15" hits="1" branch="false"/>
            <line number="16" hits="1" branch="false"/>
            <line number="17" hits="1" branch="false"/>
            <line number="19" hits="1" branch="false"/>
            <line number="23" hits="1" branch="false"/>
            <line number="24" hits="1" branch="false"/>
            <line number="25" hits="1" branch="false"/>
            <line number="26" hits="1" branch="false"/>
            <line number="27" hits="1" branch="true" condition-coverage="0% (0/1)"/>
            <line number="28" hits="0" branch="false"/>
            <line number="29" hits="0" branch="false"/>
            <line number="30" hits="0" branch="false"/>
            <line number="31" hits="0" branch="true" condition-coverage="0% (0/1)"/>
            <line number="32" hits="0" branch="false"/>
            <line number="33" hits="0" branch="false"/>
          </lines>
        </class>
        <class name="character-detail.guard.ts" filename="projects\demo-genshin-impact-angular\src\app\features\characters\character-detail\character-detail.guard.ts" line-rate="0.11109999999999999" branch-rate="0">
          <methods>
            <method name="(anonymous_0)" hits="0" signature="()V">
              <lines>
                <line number="9" hits="0"/>
              </lines>
            </method>
            <method name="(anonymous_1)" hits="0" signature="()V">
              <lines>
                <line number="11" hits="0"/>
              </lines>
            </method>
            <method name="(anonymous_2)" hits="0" signature="()V">
              <lines>
                <line number="19" hits="0"/>
              </lines>
            </method>
          </methods>
          <lines>
            <line number="8" hits="1" branch="false"/>
            <line number="9" hits="0" branch="false"/>
            <line number="15" hits="0" branch="false"/>
            <line number="16" hits="0" branch="false"/>
            <line number="17" hits="0" branch="true" condition-coverage="0% (0/1)"/>
            <line number="18" hits="0" branch="false"/>
            <line number="19" hits="0" branch="false"/>
            <line number="20" hits="0" branch="false"/>
            <line number="22" hits="0" branch="false"/>
          </lines>
        </class>
      </classes>
    </package>
    <package name="app.shared.aggressive-cache" line-rate="0.0416" branch-rate="0">
      <classes>
        <class name="genshin-impact-cache.service.ts" filename="projects\demo-genshin-impact-angular\src\app\shared\aggressive-cache\genshin-impact-cache.service.ts" line-rate="0.0416" branch-rate="0">
          <methods>
            <method name="(anonymous_0)" hits="0" signature="()V">
              <lines>
                <line number="23" hits="0"/>
              </lines>
            </method>
            <method name="(anonymous_1)" hits="0" signature="()V">
              <lines>
                <line number="33" hits="0"/>
              </lines>
            </method>
            <method name="(anonymous_2)" hits="0" signature="()V">
              <lines>
                <line number="38" hits="0"/>
              </lines>
            </method>
            <method name="(anonymous_3)" hits="0" signature="()V">
              <lines>
                <line number="44" hits="0"/>
              </lines>
            </method>
            <method name="(anonymous_4)" hits="0" signature="()V">
              <lines>
                <line number="47" hits="0"/>
              </lines>
            </method>
            <method name="(anonymous_5)" hits="0" signature="()V">
              <lines>
                <line number="49" hits="0"/>
              </lines>
            </method>
            <method name="(anonymous_6)" hits="0" signature="()V">
              <lines>
                <line number="56" hits="0"/>
              </lines>
            </method>
            <method name="(anonymous_7)" hits="0" signature="()V">
              <lines>
                <line number="61" hits="0"/>
              </lines>
            </method>
            <method name="(anonymous_8)" hits="0" signature="()V">
              <lines>
                <line number="67" hits="0"/>
              </lines>
            </method>
            <method name="(anonymous_9)" hits="0" signature="()V">
              <lines>
                <line number="71" hits="0"/>
              </lines>
            </method>
            <method name="(anonymous_10)" hits="0" signature="()V">
              <lines>
                <line number="76" hits="0"/>
              </lines>
            </method>
            <method name="(anonymous_11)" hits="0" signature="()V">
              <lines>
                <line number="82" hits="0"/>
              </lines>
            </method>
            <method name="(anonymous_12)" hits="0" signature="()V">
              <lines>
                <line number="86" hits="0"/>
              </lines>
            </method>
            <method name="(anonymous_13)" hits="0" signature="()V">
              <lines>
                <line number="91" hits="0"/>
              </lines>
            </method>
            <method name="(anonymous_14)" hits="0" signature="()V">
              <lines>
                <line number="97" hits="0"/>
              </lines>
            </method>
          </methods>
          <lines>
            <line number="17" hits="1" branch="false"/>
            <line number="30" hits="0" branch="false"/>
            <line number="34" hits="0" branch="false"/>
            <line number="39" hits="0" branch="true" condition-coverage="0% (0/1)"/>
            <line number="40" hits="0" branch="false"/>
            <line number="42" hits="0" branch="false"/>
            <line number="44" hits="0" branch="true" condition-coverage="0% (0/4)"/>
            <line number="48" hits="0" branch="false"/>
            <line number="50" hits="0" branch="false"/>
            <line number="57" hits="0" branch="false"/>
            <line number="62" hits="0" branch="true" condition-coverage="0% (0/1)"/>
            <line number="63" hits="0" branch="false"/>
            <line number="65" hits="0" branch="false"/>
            <line number="67" hits="0" branch="true" condition-coverage="0% (0/4)"/>
            <line number="72" hits="0" branch="false"/>
            <line number="77" hits="0" branch="true" condition-coverage="0% (0/1)"/>
            <line number="78" hits="0" branch="false"/>
            <line number="80" hits="0" branch="false"/>
            <line number="82" hits="0" branch="true" condition-coverage="0% (0/4)"/>
            <line number="87" hits="0" branch="false"/>
            <line number="92" hits="0" branch="true" condition-coverage="0% (0/1)"/>
            <line number="93" hits="0" branch="false"/>
            <line number="95" hits="0" branch="false"/>
            <line number="97" hits="0" branch="true" condition-coverage="0% (0/4)"/>
          </lines>
        </class>
      </classes>
    </package>
    <package name="app.shared.aggressive-cache.base" line-rate="0.8098000000000001" branch-rate="0.6388">
      <classes>
        <class name="aggressive-cache-invalidator.service.ts" filename="projects\demo-genshin-impact-angular\src\app\shared\aggressive-cache\base\aggressive-cache-invalidator.service.ts" line-rate="1" branch-rate="1">
          <methods>
            <method name="(anonymous_1)" hits="18" signature="()V">
              <lines>
                <line number="12" hits="18"/>
              </lines>
            </method>
            <method name="(anonymous_2)" hits="1" signature="()V">
              <lines>
                <line number="15" hits="1"/>
              </lines>
            </method>
            <method name="(anonymous_3)" hits="1" signature="()V">
              <lines>
                <line number="16" hits="1"/>
              </lines>
            </method>
          </methods>
          <lines>
            <line number="10" hits="1" branch="false"/>
            <line number="11" hits="18" branch="false"/>
            <line number="13" hits="18" branch="false"/>
            <line number="16" hits="1" branch="false"/>
            <line number="17" hits="1" branch="false"/>
          </lines>
        </class>
        <class name="aggressive-cache.service.ts" filename="projects\demo-genshin-impact-angular\src\app\shared\aggressive-cache\base\aggressive-cache.service.ts" line-rate="0.8029000000000001" branch-rate="0.6388">
          <methods>
            <method name="(anonymous_0)" hits="18" signature="()V">
              <lines>
                <line number="26" hits="18"/>
              </lines>
            </method>
            <method name="(anonymous_1)" hits="1" signature="()V">
              <lines>
                <line number="40" hits="1"/>
              </lines>
            </method>
            <method name="(anonymous_2)" hits="36" signature="()V">
              <lines>
                <line number="50" hits="36"/>
              </lines>
            </method>
            <method name="(anonymous_3)" hits="9" signature="()V">
              <lines>
                <line number="74" hits="9"/>
              </lines>
            </method>
            <method name="(anonymous_4)" hits="0" signature="()V">
              <lines>
                <line number="96" hits="0"/>
              </lines>
            </method>
            <method name="(anonymous_5)" hits="37" signature="()V">
              <lines>
                <line number="122" hits="37"/>
              </lines>
            </method>
            <method name="(anonymous_6)" hits="111" signature="()V">
              <lines>
                <line number="123" hits="111"/>
              </lines>
            </method>
            <method name="(anonymous_7)" hits="25" signature="()V">
              <lines>
                <line number="135" hits="25"/>
              </lines>
            </method>
            <method name="(anonymous_8)" hits="50" signature="()V">
              <lines>
                <line number="136" hits="50"/>
              </lines>
            </method>
            <method name="(anonymous_9)" hits="15" signature="()V">
              <lines>
                <line number="143" hits="15"/>
              </lines>
            </method>
            <method name="(anonymous_10)" hits="25" signature="()V">
              <lines>
                <line number="156" hits="25"/>
              </lines>
            </method>
            <method name="(anonymous_11)" hits="50" signature="()V">
              <lines>
                <line number="157" hits="50"/>
              </lines>
            </method>
            <method name="(anonymous_12)" hits="15" signature="()V">
              <lines>
                <line number="170" hits="15"/>
              </lines>
            </method>
            <method name="(anonymous_13)" hits="7" signature="()V">
              <lines>
                <line number="202" hits="7"/>
              </lines>
            </method>
            <method name="(anonymous_14)" hits="7" signature="()V">
              <lines>
                <line number="207" hits="7"/>
              </lines>
            </method>
            <method name="(anonymous_15)" hits="3" signature="()V">
              <lines>
                <line number="222" hits="3"/>
              </lines>
            </method>
            <method name="(anonymous_16)" hits="2" signature="()V">
              <lines>
                <line number="236" hits="2"/>
              </lines>
            </method>
            <method name="(anonymous_17)" hits="16" signature="()V">
              <lines>
                <line number="252" hits="16"/>
              </lines>
            </method>
            <method name="(anonymous_18)" hits="12" signature="()V">
              <lines>
                <line number="283" hits="12"/>
              </lines>
            </method>
            <method name="(anonymous_19)" hits="2" signature="()V">
              <lines>
                <line number="321" hits="2"/>
              </lines>
            </method>
            <method name="(anonymous_20)" hits="1" signature="()V">
              <lines>
                <line number="334" hits="1"/>
              </lines>
            </method>
            <method name="(anonymous_21)" hits="10" signature="()V">
              <lines>
                <line number="349" hits="10"/>
              </lines>
            </method>
            <method name="(anonymous_22)" hits="0" signature="()V">
              <lines>
                <line number="382" hits="0"/>
              </lines>
            </method>
          </methods>
          <lines>
            <line number="20" hits="18" branch="false"/>
            <line number="22" hits="18" branch="false"/>
            <line number="27" hits="18" branch="false"/>
            <line number="32" hits="18" branch="false"/>
            <line number="41" hits="1" branch="false"/>
            <line number="51" hits="36" branch="false"/>
            <line number="52" hits="36" branch="true" condition-coverage="100% (1/1)"/>
            <line number="53" hits="18" branch="false"/>
            <line number="61" hits="18" branch="false"/>
            <line number="62" hits="18" branch="false"/>
            <line number="64" hits="18" branch="false"/>
            <line number="78" hits="9" branch="false"/>
            <line number="79" hits="9" branch="false"/>
            <line number="81" hits="9" branch="true" condition-coverage="0% (0/1)"/>
            <line number="86" hits="0" branch="false"/>
            <line number="89" hits="9" branch="true" condition-coverage="0% (0/1)"/>
            <line number="94" hits="0" branch="true" condition-coverage="0% (0/1)"/>
            <line number="95" hits="0" branch="false"/>
            <line number="97" hits="0" branch="false"/>
            <line number="103" hits="9" branch="true" condition-coverage="100% (1/1)"/>
            <line number="107" hits="5" branch="false"/>
            <line number="110" hits="9" branch="true" condition-coverage="50% (1/2)"/>
            <line number="111" hits="9" branch="false"/>
            <line number="113" hits="0" branch="true" condition-coverage="0% (0/3)"/>
            <line number="114" hits="0" branch="false"/>
            <line number="119" hits="9" branch="true" condition-coverage="100% (1/1)"/>
            <line number="120" hits="9" branch="false"/>
            <line number="122" hits="9" branch="false"/>
            <line number="123" hits="37" branch="false"/>
            <line number="124" hits="111" branch="false"/>
            <line number="129" hits="9" branch="true" condition-coverage="100% (3/3)"/>
            <line number="131" hits="5" branch="true" condition-coverage="100% (1/1)"/>
            <line number="132" hits="5" branch="false"/>
            <line number="134" hits="5" branch="false"/>
            <line number="135" hits="5" branch="false"/>
            <line number="136" hits="25" branch="false"/>
            <line number="137" hits="50" branch="true" condition-coverage="100% (1/1)"/>
            <line number="138" hits="50" branch="true" condition-coverage="100% (4/4)"/>
            <line number="143" hits="5" branch="false"/>
            <line number="144" hits="15" branch="false"/>
            <line number="149" hits="5" branch="true" condition-coverage="100% (1/1)"/>
            <line number="150" hits="5" branch="false"/>
            <line number="152" hits="5" branch="true" condition-coverage="100% (1/1)"/>
            <line number="153" hits="5" branch="false"/>
            <line number="155" hits="5" branch="false"/>
            <line number="156" hits="5" branch="false"/>
            <line number="157" hits="25" branch="false"/>
            <line number="158" hits="50" branch="true" condition-coverage="100% (1/1)"/>
            <line number="159" hits="50" branch="false"/>
            <line number="160" hits="50" branch="true" condition-coverage="100% (1/1)"/>
            <line number="161" hits="15" branch="false"/>
            <line number="164" hits="50" branch="false"/>
            <line number="165" hits="50" branch="false"/>
            <line number="170" hits="5" branch="false"/>
            <line number="171" hits="15" branch="false"/>
            <line number="180" hits="9" branch="false"/>
            <line number="206" hits="7" branch="false"/>
            <line number="208" hits="7" branch="false"/>
            <line number="223" hits="3" branch="true" condition-coverage="100% (4/4)"/>
            <line number="224" hits="3" branch="true" condition-coverage="100% (1/1)"/>
            <line number="225" hits="1" branch="false"/>
            <line number="227" hits="2" branch="false"/>
            <line number="228" hits="2" branch="false"/>
            <line number="229" hits="2" branch="false"/>
            <line number="231" hits="2" branch="true" condition-coverage="0% (0/1)"/>
            <line number="232" hits="0" branch="false"/>
            <line number="235" hits="2" branch="false"/>
            <line number="237" hits="2" branch="true" condition-coverage="75% (3/4)"/>
            <line number="241" hits="2" branch="false"/>
            <line number="253" hits="16" branch="false"/>
            <line number="255" hits="16" branch="true" condition-coverage="100% (8/8)"/>
            <line number="256" hits="16" branch="true" condition-coverage="100% (1/1)"/>
            <line number="257" hits="7" branch="false"/>
            <line number="260" hits="9" branch="false"/>
            <line number="261" hits="9" branch="true" condition-coverage="0% (0/1)"/>
            <line number="262" hits="0" branch="false"/>
            <line number="265" hits="9" branch="false"/>
            <line number="266" hits="9" branch="true" condition-coverage="0% (0/1)"/>
            <line number="267" hits="0" branch="false"/>
            <line number="270" hits="9" branch="false"/>
            <line number="271" hits="9" branch="false"/>
            <line number="272" hits="9" branch="false"/>
            <line number="284" hits="12" branch="false"/>
            <line number="286" hits="12" branch="true" condition-coverage="100% (8/8)"/>
            <line number="287" hits="12" branch="true" condition-coverage="75% (3/4)"/>
            <line number="288" hits="7" branch="true" condition-coverage="75% (3/4)"/>
            <line number="291" hits="5" branch="false"/>
            <line number="292" hits="5" branch="true" condition-coverage="0% (0/1)"/>
            <line number="293" hits="0" branch="false"/>
            <line number="296" hits="5" branch="false"/>
            <line number="297" hits="5" branch="true" condition-coverage="0% (0/1)"/>
            <line number="298" hits="0" branch="false"/>
            <line number="300" hits="5" branch="true" condition-coverage="100% (1/1)"/>
            <line number="301" hits="5" branch="false"/>
            <line number="307" hits="5" branch="false"/>
            <line number="308" hits="5" branch="false"/>
            <line number="312" hits="5" branch="false"/>
            <line number="322" hits="2" branch="true" condition-coverage="100% (4/4)"/>
            <line number="323" hits="2" branch="true" condition-coverage="100% (1/1)"/>
            <line number="324" hits="1" branch="false"/>
            <line number="327" hits="1" branch="false"/>
            <line number="328" hits="1" branch="true" condition-coverage="0% (0/1)"/>
            <line number="329" hits="0" branch="false"/>
            <line number="332" hits="1" branch="false"/>
            <line number="333" hits="1" branch="false"/>
            <line number="334" hits="1" branch="true" condition-coverage="75% (3/4)"/>
            <line number="338" hits="1" branch="false"/>
            <line number="350" hits="10" branch="false"/>
            <line number="352" hits="10" branch="false"/>
            <line number="353" hits="10" branch="true" condition-coverage="66.66666666666666% (2/3)"/>
            <line number="354" hits="0" branch="false"/>
            <line number="357" hits="10" branch="false"/>
            <line number="358" hits="10" branch="false"/>
            <line number="359" hits="10" branch="true" condition-coverage="50% (1/2)"/>
            <line number="360" hits="10" branch="false"/>
            <line number="361" hits="10" branch="true" condition-coverage="100% (2/2)"/>
            <line number="362" hits="3" branch="true" condition-coverage="50% (2/4)"/>
            <line number="363" hits="3" branch="false"/>
            <line number="364" hits="0" branch="true" condition-coverage="0% (0/1)"/>
            <line number="365" hits="0" branch="false"/>
            <line number="368" hits="7" branch="false"/>
            <line number="371" hits="0" branch="false"/>
            <line number="374" hits="7" branch="true" condition-coverage="50% (1/2)"/>
            <line number="375" hits="0" branch="false"/>
            <line number="377" hits="0" branch="true" condition-coverage="0% (0/1)"/>
            <line number="378" hits="0" branch="false"/>
            <line number="381" hits="0" branch="false"/>
            <line number="383" hits="0" branch="false"/>
            <line number="388" hits="0" branch="true" condition-coverage="0% (0/8)"/>
            <line number="389" hits="0" branch="true" condition-coverage="0% (0/1)"/>
            <line number="390" hits="0" branch="true" condition-coverage="0% (0/4)"/>
            <line number="392" hits="0" branch="false"/>
            <line number="396" hits="0" branch="false"/>
            <line number="400" hits="0" branch="false"/>
            <line number="402" hits="7" branch="false"/>
            <line number="403" hits="7" branch="false"/>
            <line number="407" hits="7" branch="false"/>
          </lines>
        </class>
      </classes>
    </package>
    <package name="app.shared.api" line-rate="0.5" branch-rate="0">
      <classes>
        <class name="artifact-set.service.ts" filename="projects\demo-genshin-impact-angular\src\app\shared\api\artifact-set.service.ts" line-rate="0.5" branch-rate="1">
          <methods>
            <method name="(anonymous_0)" hits="0" signature="()V">
              <lines>
                <line number="10" hits="0"/>
              </lines>
            </method>
          </methods>
          <lines>
            <line number="9" hits="1" branch="false"/>
            <line number="11" hits="0" branch="false"/>
          </lines>
        </class>
        <class name="character.service.ts" filename="projects\demo-genshin-impact-angular\src\app\shared\api\character.service.ts" line-rate="1" branch-rate="1">
          <methods>
            <method name="(anonymous_0)" hits="2" signature="()V">
              <lines>
                <line number="10" hits="2"/>
              </lines>
            </method>
          </methods>
          <lines>
            <line number="9" hits="1" branch="false"/>
            <line number="11" hits="2" branch="false"/>
          </lines>
        </class>
        <class name="element.service.ts" filename="projects\demo-genshin-impact-angular\src\app\shared\api\element.service.ts" line-rate="0.5" branch-rate="1">
          <methods>
            <method name="(anonymous_0)" hits="0" signature="()V">
              <lines>
                <line number="10" hits="0"/>
              </lines>
            </method>
          </methods>
          <lines>
            <line number="9" hits="1" branch="false"/>
            <line number="11" hits="0" branch="false"/>
          </lines>
        </class>
        <class name="image-api.service.ts" filename="projects\demo-genshin-impact-angular\src\app\shared\api\image-api.service.ts" line-rate="0.4" branch-rate="0">
          <methods>
            <method name="(anonymous_0)" hits="2" signature="()V">
              <lines>
                <line number="12" hits="2"/>
              </lines>
            </method>
            <method name="(anonymous_1)" hits="0" signature="()V">
              <lines>
                <line number="14" hits="0"/>
              </lines>
            </method>
            <method name="(anonymous_2)" hits="0" signature="()V">
              <lines>
                <line number="24" hits="0"/>
              </lines>
            </method>
            <method name="(anonymous_3)" hits="0" signature="()V">
              <lines>
                <line number="28" hits="0"/>
              </lines>
            </method>
          </methods>
          <lines>
            <line number="9" hits="1" branch="false"/>
            <line number="10" hits="2" branch="false"/>
            <line number="12" hits="2" branch="false"/>
            <line number="15" hits="0" branch="false"/>
            <line number="16" hits="0" branch="true" condition-coverage="0% (0/1)"/>
            <line number="17" hits="0" branch="false"/>
            <line number="19" hits="0" branch="false"/>
            <line number="22" hits="2" branch="false"/>
            <line number="25" hits="0" branch="false"/>
            <line number="29" hits="0" branch="false"/>
          </lines>
        </class>
        <class name="weapon.service.ts" filename="projects\demo-genshin-impact-angular\src\app\shared\api\weapon.service.ts" line-rate="0.5" branch-rate="1">
          <methods>
            <method name="(anonymous_0)" hits="0" signature="()V">
              <lines>
                <line number="10" hits="0"/>
              </lines>
            </method>
          </methods>
          <lines>
            <line number="9" hits="1" branch="false"/>
            <line number="11" hits="0" branch="false"/>
          </lines>
        </class>
      </classes>
    </package>
    <package name="app.shared.api.base" line-rate="0.5" branch-rate="0.5625">
      <classes>
        <class name="api.service.ts" filename="projects\demo-genshin-impact-angular\src\app\shared\api\base\api.service.ts" line-rate="0.5" branch-rate="0.5625">
          <methods>
            <method name="(anonymous_0)" hits="2" signature="()V">
              <lines>
                <line number="20" hits="2"/>
              </lines>
            </method>
            <method name="(anonymous_1)" hits="2" signature="()V">
              <lines>
                <line number="26" hits="2"/>
              </lines>
            </method>
            <method name="(anonymous_2)" hits="2" signature="()V">
              <lines>
                <line number="36" hits="2"/>
              </lines>
            </method>
            <method name="(anonymous_3)" hits="2" signature="()V">
              <lines>
                <line number="40" hits="2"/>
              </lines>
            </method>
            <method name="(anonymous_4)" hits="0" signature="()V">
              <lines>
                <line number="58" hits="0"/>
              </lines>
            </method>
            <method name="(anonymous_5)" hits="0" signature="()V">
              <lines>
                <line number="61" hits="0"/>
              </lines>
            </method>
            <method name="(anonymous_6)" hits="0" signature="()V">
              <lines>
                <line number="63" hits="0"/>
              </lines>
            </method>
            <method name="(anonymous_7)" hits="0" signature="()V">
              <lines>
                <line number="68" hits="0"/>
              </lines>
            </method>
            <method name="(anonymous_8)" hits="0" signature="()V">
              <lines>
                <line number="71" hits="0"/>
              </lines>
            </method>
            <method name="(anonymous_9)" hits="0" signature="()V">
              <lines>
                <line number="72" hits="0"/>
              </lines>
            </method>
            <method name="(anonymous_10)" hits="0" signature="()V">
              <lines>
                <line number="73" hits="0"/>
              </lines>
            </method>
            <method name="(anonymous_11)" hits="0" signature="()V">
              <lines>
                <line number="75" hits="0"/>
              </lines>
            </method>
            <method name="(anonymous_12)" hits="0" signature="()V">
              <lines>
                <line number="80" hits="0"/>
              </lines>
            </method>
            <method name="(anonymous_13)" hits="0" signature="()V">
              <lines>
                <line number="83" hits="0"/>
              </lines>
            </method>
            <method name="(anonymous_14)" hits="0" signature="()V">
              <lines>
                <line number="85" hits="0"/>
              </lines>
            </method>
            <method name="(anonymous_15)" hits="0" signature="()V">
              <lines>
                <line number="89" hits="0"/>
              </lines>
            </method>
            <method name="(anonymous_16)" hits="0" signature="()V">
              <lines>
                <line number="91" hits="0"/>
              </lines>
            </method>
            <method name="(anonymous_17)" hits="0" signature="()V">
              <lines>
                <line number="96" hits="0"/>
              </lines>
            </method>
          </methods>
          <lines>
            <line number="11" hits="1" branch="false"/>
            <line number="16" hits="1" branch="false"/>
            <line number="17" hits="2" branch="false"/>
            <line number="18" hits="2" branch="false"/>
            <line number="21" hits="2" branch="false"/>
            <line number="22" hits="2" branch="false"/>
            <line number="23" hits="2" branch="false"/>
            <line number="27" hits="2" branch="false"/>
            <line number="28" hits="2" branch="true" condition-coverage="0% (0/1)"/>
            <line number="29" hits="0" branch="false"/>
            <line number="31" hits="2" branch="false"/>
            <line number="34" hits="2" branch="false"/>
            <line number="37" hits="2" branch="false"/>
            <line number="45" hits="2" branch="true" condition-coverage="66.66666666666666% (2/3)"/>
            <line number="46" hits="2" branch="true" condition-coverage="100% (2/2)"/>
            <line number="48" hits="2" branch="true" condition-coverage="66.66666666666666% (2/3)"/>
            <line number="49" hits="2" branch="true" condition-coverage="75% (3/4)"/>
            <line number="52" hits="2" branch="false"/>
            <line number="53" hits="2" branch="true" condition-coverage="0% (0/1)"/>
            <line number="54" hits="0" branch="false"/>
            <line number="57" hits="2" branch="false"/>
            <line number="59" hits="0" branch="false"/>
            <line number="62" hits="0" branch="false"/>
            <line number="63" hits="0" branch="false"/>
            <line number="69" hits="0" branch="false"/>
            <line number="70" hits="0" branch="false"/>
            <line number="71" hits="0" branch="false"/>
            <line number="72" hits="0" branch="false"/>
            <line number="74" hits="0" branch="false"/>
            <line number="75" hits="0" branch="false"/>
            <line number="81" hits="0" branch="false"/>
            <line number="82" hits="0" branch="false"/>
            <line number="84" hits="0" branch="true" condition-coverage="0% (0/1)"/>
            <line number="85" hits="0" branch="false"/>
            <line number="87" hits="0" branch="false"/>
            <line number="90" hits="0" branch="false"/>
            <line number="91" hits="0" branch="false"/>
            <line number="97" hits="0" branch="false"/>
          </lines>
        </class>
      </classes>
    </package>
  </packages>
</coverage>
