<?xml version="1.0"?>
<testsuite name="Chrome Headless 101.0.4950.0 (Windows 10)" package="" timestamp="2022-05-04T19:30:56" id="0" hostname="DESKTOP-1KADKC3" tests="23" errors="0" failures="0" time="0.137">
  <properties>
    <property name="browser.fullName" value="Mozilla/5.0 (Windows NT 10.0; Win64; x64) AppleWebKit/537.36 (KHTML, like Gecko) HeadlessChrome/101.0.4950.0 Safari/537.36"/>
  </properties>
  <testcase name="AppComponent should create the app" time="0.052" classname="Chrome_Headless_101_0_4950_0_(Windows_10).AppComponent"/>
  <testcase name="AppComponent should have as title 'demo-genshin-impact-angular'" time="0.006" classname="Chrome_Headless_101_0_4950_0_(Windows_10).AppComponent"/>
  <testcase name="HomeComponent should create" time="0.006" classname="Chrome_Headless_101_0_4950_0_(Windows_10).HomeComponent"/>
  <testcase name="CharacterDetailComponent should create" time="0.011" classname="Chrome_Headless_101_0_4950_0_(Windows_10).CharacterDetailComponent"/>
  <testcase name="CharactersComponent should create" time="0.013" classname="Chrome_Headless_101_0_4950_0_(Windows_10).CharactersComponent"/>
  <testcase name="AggressiveCache setup should be created" time="0.003" classname="Chrome_Headless_101_0_4950_0_(Windows_10).AggressiveCache setup"/>
  <testcase name="AggressiveCache getBy should only make one request to the server with multiple subsequent lookups" time="0.005" classname="Chrome_Headless_101_0_4950_0_(Windows_10).AggressiveCache getBy"/>
  <testcase name="AggressiveCache getBy should get by imageUrl" time="0.005" classname="Chrome_Headless_101_0_4950_0_(Windows_10).AggressiveCache getBy"/>
  <testcase name="AggressiveCache getBy should get by multiple properties" time="0.002" classname="Chrome_Headless_101_0_4950_0_(Windows_10).AggressiveCache getBy"/>
  <testcase name="AggressiveCache getBy should forward errors" time="0.005" classname="Chrome_Headless_101_0_4950_0_(Windows_10).AggressiveCache getBy"/>
  <testcase name="AggressiveCache getAll should have cached getAll after it witnesses a complete getCollection" time="0.005" classname="Chrome_Headless_101_0_4950_0_(Windows_10).AggressiveCache getAll"/>
  <testcase name="AggressiveCache getAll should get all" time="0.003" classname="Chrome_Headless_101_0_4950_0_(Windows_10).AggressiveCache getAll"/>
  <testcase name="AggressiveCache getAll should not have cached getAll after it witnesses an incomplete getCollection" time="0.002" classname="Chrome_Headless_101_0_4950_0_(Windows_10).AggressiveCache getAll"/>
  <testcase name="AggressiveCache countAll should count all" time="0.002" classname="Chrome_Headless_101_0_4950_0_(Windows_10).AggressiveCache countAll"/>
  <testcase name="AggressiveCache countBy should count by imageUrl" time="0.004" classname="Chrome_Headless_101_0_4950_0_(Windows_10).AggressiveCache countBy"/>
  <testcase name="AggressiveCache collectBy should collect by imageUrl" time="0.002" classname="Chrome_Headless_101_0_4950_0_(Windows_10).AggressiveCache collectBy"/>
  <testcase name="AggressiveCache collectBy should collect by multiple properties" time="0.001" classname="Chrome_Headless_101_0_4950_0_(Windows_10).AggressiveCache collectBy"/>
  <testcase name="AggressiveCache invalidator should clear cached values" time="0.002" classname="Chrome_Headless_101_0_4950_0_(Windows_10).AggressiveCache invalidator"/>
  <testcase name="AggressiveCache informCacheOnResponse countBy should have cached counts after it witnesses a complete getCollection" time="0.002" classname="Chrome_Headless_101_0_4950_0_(Windows_10).AggressiveCache informCacheOnResponse countBy"/>
  <testcase name="AggressiveCache informCacheOnResponse countBy should not have cached counts after it witnesses an incomplete getCollection" time="0.002" classname="Chrome_Headless_101_0_4950_0_(Windows_10).AggressiveCache informCacheOnResponse countBy"/>
  <testcase name="AggressiveCache informCacheOnResponse countAll should have cached count after it witnesses a getCollection" time="0.002" classname="Chrome_Headless_101_0_4950_0_(Windows_10).AggressiveCache informCacheOnResponse countAll"/>
  <testcase name="AggressiveCache informCacheOnResponse collectBy should have cached counts after it witnesses a complete getCollection" time="0.001" classname="Chrome_Headless_101_0_4950_0_(Windows_10).AggressiveCache informCacheOnResponse collectBy"/>
  <testcase name="AggressiveCache informCacheOnResponse getBy should have cached any values that it witnesses in a getCollection" time="0.001" classname="Chrome_Headless_101_0_4950_0_(Windows_10).AggressiveCache informCacheOnResponse getBy"/>
  <system-out>
    <![CDATA[Chrome Headless 101.0.4950.0 (Windows 10) LOG: 'CharacterDetailComponent: constructor()'
,Chrome Headless 101.0.4950.0 (Windows 10) ERROR: 'NG0304: 'mat-card' is not a known element:
1. If 'mat-card' is an Angular component, then verify that it is part of this module.
2. If 'mat-card' is a Web Component then add 'CUSTOM_ELEMENTS_SCHEMA' to the '@NgModule.schemas' of this component to suppress this message.'
,Chrome Headless 101.0.4950.0 (Windows 10) ERROR: 'NG0304: 'mat-card-content' is not a known element:
1. If 'mat-card-content' is an Angular component, then verify that it is part of this module.
2. If 'mat-card-content' is a Web Component then add 'CUSTOM_ELEMENTS_SCHEMA' to the '@NgModule.schemas' of this component to suppress this message.'
,Chrome Headless 101.0.4950.0 (Windows 10) LOG: 'CharacterDetailComponent: ngOnInit()'
,Chrome Headless 101.0.4950.0 (Windows 10) LOG: ParamsAsMap{params: Object{}}
,Chrome Headless 101.0.4950.0 (Windows 10) LOG: 'CharactersComponent: constructor()'
,Chrome Headless 101.0.4950.0 (Windows 10) LOG: 'CharactersComponent: ngOnInit()'

]]>
  </system-out>
  <system-err/>
</testsuite>